# JRE version: OpenJDK Runtime Environment (11.0.12+7) (build 11.0.12+7-b1504.28-7817840)
# Java VM: OpenJDK 64-Bit Server VM (11.0.12+7-b1504.28-7817840, mixed mode, tiered, compressed oops, g1 gc, windows-amd64)
Heap:
 garbage-first heap   total 220160K, used 152759K [0x0000000080000000, 0x0000000100000000)
  region size 1024K, 40 young (40960K), 2 survivors (2048K)
 Metaspace       used 102303K, capacity 104965K, committed 105292K, reserved 1140736K
  class space    used 12618K, capacity 13544K, committed 13644K, reserved 1048576K
GC Heap History (20 events):
Event: 11.602 GC heap before
{Heap before GC invocations=29 (full 0):
 garbage-first heap   total 183296K, used 145104K [0x0000000080000000, 0x0000000100000000)
  region size 1024K, 42 young (43008K), 3 survivors (3072K)
 Metaspace       used 89153K, capacity 91256K, committed 91340K, reserved 1128448K
  class space    used 11471K, capacity 12220K, committed 12236K, reserved 1048576K
}
Event: 11.609 GC heap after
{Heap after GC invocations=30 (full 0):
 garbage-first heap   total 183296K, used 106669K [0x0000000080000000, 0x0000000100000000)
  region size 1024K, 4 young (4096K), 4 survivors (4096K)
 Metaspace       used 89153K, capacity 91256K, committed 91340K, reserved 1128448K
  class space    used 11471K, capacity 12220K, committed 12236K, reserved 1048576K
}
Event: 12.194 GC heap before
{Heap before GC invocations=30 (full 0):
 garbage-first heap   total 183296K, used 147629K [0x0000000080000000, 0x0000000100000000)
  region size 1024K, 44 young (45056K), 4 survivors (4096K)
 Metaspace       used 93248K, capacity 95608K, committed 95948K, reserved 1132544K
  class space    used 12019K, capacity 12894K, committed 13004K, reserved 1048576K
}
Event: 12.202 GC heap after
{Heap after GC invocations=31 (full 0):
 garbage-first heap   total 220160K, used 109040K [0x0000000080000000, 0x0000000100000000)
  region size 1024K, 5 young (5120K), 5 survivors (5120K)
 Metaspace       used 93248K, capacity 95608K, committed 95948K, reserved 1132544K
  class space    used 12019K, capacity 12894K, committed 13004K, reserved 1048576K
}
Event: 13.004 GC heap before
{Heap before GC invocations=32 (full 0):
 garbage-first heap   total 220160K, used 162288K [0x0000000080000000, 0x0000000100000000)
  region size 1024K, 58 young (59392K), 5 survivors (5120K)
 Metaspace       used 94754K, capacity 97081K, committed 97356K, reserved 1134592K
  class space    used 12145K, capacity 13010K, committed 13132K, reserved 1048576K
}
Event: 13.013 GC heap after
{Heap after GC invocations=33 (full 0):
 garbage-first heap   total 220160K, used 113263K [0x0000000080000000, 0x0000000100000000)
  region size 1024K, 8 young (8192K), 8 survivors (8192K)
 Metaspace       used 94754K, capacity 97081K, committed 97356K, reserved 1134592K
  class space    used 12145K, capacity 13010K, committed 13132K, reserved 1048576K
}
Event: 13.574 GC heap before
{Heap before GC invocations=33 (full 0):
 garbage-first heap   total 220160K, used 166511K [0x0000000080000000, 0x0000000100000000)
  region size 1024K, 61 young (62464K), 8 survivors (8192K)
 Metaspace       used 96592K, capacity 99081K, committed 99276K, reserved 1134592K
  class space    used 12316K, capacity 13237K, committed 13260K, reserved 1048576K
}
Event: 13.588 GC heap after
{Heap after GC invocations=34 (full 0):
 garbage-first heap   total 220160K, used 117452K [0x0000000080000000, 0x0000000100000000)
  region size 1024K, 5 young (5120K), 5 survivors (5120K)
 Metaspace       used 96592K, capacity 99081K, committed 99276K, reserved 1134592K
  class space    used 12316K, capacity 13237K, committed 13260K, reserved 1048576K
}
Event: 1123.712 GC heap before
{Heap before GC invocations=35 (full 0):
 garbage-first heap   total 220160K, used 169676K [0x0000000080000000, 0x0000000100000000)
  region size 1024K, 57 young (58368K), 5 survivors (5120K)
 Metaspace       used 100612K, capacity 103192K, committed 103500K, reserved 1138688K
  class space    used 12624K, capacity 13572K, committed 13644K, reserved 1048576K
}
Event: 1123.804 GC heap after
{Heap after GC invocations=36 (full 0):
 garbage-first heap   total 220160K, used 118837K [0x0000000080000000, 0x0000000100000000)
  region size 1024K, 6 young (6144K), 6 survivors (6144K)
 Metaspace       used 100612K, capacity 103192K, committed 103500K, reserved 1138688K
  class space    used 12624K, capacity 13572K, committed 13644K, reserved 1048576K
}
Event: 1125.813 GC heap before
{Heap before GC invocations=36 (full 0):
 garbage-first heap   total 220160K, used 173109K [0x0000000080000000, 0x0000000100000000)
  region size 1024K, 60 young (61440K), 6 survivors (6144K)
 Metaspace       used 101257K, capacity 104064K, committed 104268K, reserved 1140736K
  class space    used 12640K, capacity 13601K, committed 13644K, reserved 1048576K
}
Event: 1125.856 GC heap after
{Heap after GC invocations=37 (full 0):
 garbage-first heap   total 220160K, used 124410K [0x0000000080000000, 0x0000000100000000)
  region size 1024K, 8 young (8192K), 8 survivors (8192K)
 Metaspace       used 101257K, capacity 104064K, committed 104268K, reserved 1140736K
  class space    used 12640K, capacity 13601K, committed 13644K, reserved 1048576K
}
Event: 2016.243 GC heap before
{Heap before GC invocations=38 (full 0):
 garbage-first heap   total 220160K, used 176634K [0x0000000080000000, 0x0000000100000000)
  region size 1024K, 60 young (61440K), 8 survivors (8192K)
 Metaspace       used 101636K, capacity 104391K, committed 104524K, reserved 1140736K
  class space    used 12651K, capacity 13614K, committed 13644K, reserved 1048576K
}
Event: 2016.336 GC heap after
{Heap after GC invocations=39 (full 0):
 garbage-first heap   total 220160K, used 121191K [0x0000000080000000, 0x0000000100000000)
  region size 1024K, 3 young (3072K), 3 survivors (3072K)
 Metaspace       used 101636K, capacity 104391K, committed 104524K, reserved 1140736K
  class space    used 12651K, capacity 13614K, committed 13644K, reserved 1048576K
}
Event: 2018.411 GC heap before
{Heap before GC invocations=39 (full 0):
 garbage-first heap   total 220160K, used 177511K [0x0000000080000000, 0x0000000100000000)
  region size 1024K, 58 young (59392K), 3 survivors (3072K)
 Metaspace       used 102003K, capacity 104775K, committed 105036K, reserved 1140736K
  class space    used 12658K, capacity 13625K, committed 13644K, reserved 1048576K
}
Event: 2018.438 GC heap after
{Heap after GC invocations=40 (full 0):
 garbage-first heap   total 220160K, used 125889K [0x0000000080000000, 0x0000000100000000)
  region size 1024K, 8 young (8192K), 8 survivors (8192K)
 Metaspace       used 102003K, capacity 104775K, committed 105036K, reserved 1140736K
  class space    used 12658K, capacity 13625K, committed 13644K, reserved 1048576K
}
Event: 3389.491 GC heap before
{Heap before GC invocations=41 (full 0):
 garbage-first heap   total 220160K, used 178113K [0x0000000080000000, 0x0000000100000000)
  region size 1024K, 60 young (61440K), 8 survivors (8192K)
 Metaspace       used 101989K, capacity 104668K, committed 105036K, reserved 1140736K
  class space    used 12600K, capacity 13511K, committed 13644K, reserved 1048576K
}
Event: 3389.580 GC heap after
{Heap after GC invocations=42 (full 0):
 garbage-first heap   total 220160K, used 121090K [0x0000000080000000, 0x0000000100000000)
  region size 1024K, 2 young (2048K), 2 survivors (2048K)
 Metaspace       used 101989K, capacity 104668K, committed 105036K, reserved 1140736K
  class space    used 12600K, capacity 13511K, committed 13644K, reserved 1048576K
}
Event: 3390.273 GC heap before
{Heap before GC invocations=42 (full 0):
 garbage-first heap   total 220160K, used 128258K [0x0000000080000000, 0x0000000100000000)
  region size 1024K, 10 young (10240K), 2 survivors (2048K)
 Metaspace       used 102012K, capacity 104668K, committed 105036K, reserved 1140736K
  class space    used 12601K, capacity 13511K, committed 13644K, reserved 1048576K
}
Event: 3390.448 GC heap after
{Heap after GC invocations=43 (full 0):
 garbage-first heap   total 220160K, used 114871K [0x0000000080000000, 0x0000000100000000)
  region size 1024K, 2 young (2048K), 2 survivors (2048K)
 Metaspace       used 102012K, capacity 104668K, committed 105036K, reserved 1140736K
  class space    used 12601K, capacity 13511K, committed 13644K, reserved 1048576K
}

